Invoking: tsc && next build 2>&1 
  ▲ Next.js 14.2.10
  - Environments: .env

   Creating an optimized production build ...
 ✓ Compiled successfully
   Linting and checking validity of types ...
   Collecting page data ...
   Generating static pages (0/6) ...
   Generating static pages (1/6) 
   Generating static pages (2/6) 
   Generating static pages (4/6) 
 ✓ Generating static pages (6/6)
   Finalizing page optimization ...
   Collecting build traces ...

Route (app)                              Size     First Load JS
┌ ○ /                                    383 B          94.2 kB
├ ○ /_not-found                          875 B          87.9 kB
├ ƒ /pureserver                          137 B          87.2 kB
└ ƒ /vote/[option]                       11.9 kB         122 kB
+ First Load JS shared by all            87.1 kB
  ├ chunks/3925a7c3-39872cdae0dfc6a6.js  53.7 kB
  ├ chunks/532-f0adac014a10ab3d.js       31.5 kB
  └ other shared chunks (total)          1.85 kB


○  (Static)   prerendered as static content
ƒ  (Dynamic)  server-rendered on demand

