Invoking: tsc && next build 
  ▲ Next.js 14.2.10
  - Environments: .env

   Linting and checking validity of types ...
   Creating an optimized production build ...
 ✓ Compiled successfully
   Collecting page data ...
   Generating static pages (0/5) ...
   Generating static pages (1/5) 
   Generating static pages (2/5) 
   Generating static pages (3/5) 
 ✓ Generating static pages (5/5)
   Finalizing page optimization ...
   Collecting build traces ...

Route (pages)                              Size     First Load JS
┌ ○ /                                      7.48 kB         117 kB
├   /_app                                  0 B             110 kB
├ ○ /_simpleAuthedApp                      492 B           110 kB
├ ○ /_unauthedApp                          328 B           110 kB
├ ○ /404                                   182 B           110 kB
└ ƒ /api/clicks                            0 B             110 kB
+ First Load JS shared by all              111 kB
  ├ chunks/framework-0cb1542af97d89ec.js   44.9 kB
  ├ chunks/main-8acc1526d711e4dc.js        32 kB
  ├ chunks/pages/_app-de2e1c01c0b27b01.js  32.1 kB
  └ other shared chunks (total)            1.58 kB

○  (Static)   prerendered as static content
ƒ  (Dynamic)  server-rendered on demand

